Using pre-set license
Built from '2020.3/staging' branch; Version is '2020.3.6f1 (338bb68529b2) revision 3378102'; Using compiler version '192528614'; Build Type 'Release'
OS: 'Windows 10 Home; OS build 19041.928; Version 2004; 64bit' Language: 'zh' Physical Memory: 16330 MB
BatchMode: 1, IsHumanControllingUs: 0, StartBugReporterOnCrash: 0, Is64bit: 1, IsPro: 0

 COMMAND LINE ARGUMENTS:
D:\Unity Hub\2020.3.6f1\Editor\Unity.exe
-adb2
-batchMode
-noUpm
-name
AssetImportWorker0
-projectPath
C:/Users/brian/ExploreWell
-logFile
Logs/AssetImportWorker0.log
-srvPort
52660
Successfully changed project path to: C:/Users/brian/ExploreWell
C:/Users/brian/ExploreWell
Using Asset Import Pipeline V2.
Refreshing native plugins compatible for Editor in 23.97 ms, found 1 plugins.
Preloading 0 native plugins for Editor in 0.00 ms.
Initialize engine version: 2020.3.6f1 (338bb68529b2)
[Subsystems] Discovering subsystems at path D:/Unity Hub/2020.3.6f1/Editor/Data/Resources/UnitySubsystems
[Subsystems] Discovering subsystems at path C:/Users/brian/ExploreWell/Assets
GfxDevice: creating device client; threaded=0
Direct3D:
    Version:  Direct3D 11.0 [level 11.1]
    Renderer: NVIDIA GeForce GT 1030 (ID=0x1d01)
    Vendor:   
    VRAM:     1982 MB
    Driver:   27.21.14.6172
Initialize mono
Mono path[0] = 'D:/Unity Hub/2020.3.6f1/Editor/Data/Managed'
Mono path[1] = 'D:/Unity Hub/2020.3.6f1/Editor/Data/MonoBleedingEdge/lib/mono/unityjit'
Mono config path = 'D:/Unity Hub/2020.3.6f1/Editor/Data/MonoBleedingEdge/etc'
Using monoOptions --debugger-agent=transport=dt_socket,embedding=1,server=y,suspend=n,address=127.0.0.1:56200
Begin MonoManager ReloadAssembly
Registering precompiled unity dll's ...
Register platform support module: D:/Unity Hub/2020.3.6f1/Editor/Data/PlaybackEngines/WindowsStandaloneSupport/UnityEditor.WindowsStandalone.Extensions.dll
Registered in 0.000613 seconds.
Native extension for WindowsStandalone target not found
Refreshing native plugins compatible for Editor in 22.59 ms, found 1 plugins.
Preloading 0 native plugins for Editor in 0.00 ms.
Mono: successfully reloaded assembly
- Completed reload, in  0.804 seconds
Platform modules already initialized, skipping
Registering precompiled user dll's ...
Registered in 0.000587 seconds.
Begin MonoManager ReloadAssembly
Native extension for WindowsStandalone target not found
Refreshing native plugins compatible for Editor in 23.13 ms, found 1 plugins.
Preloading 0 native plugins for Editor in 0.00 ms.
Mono: successfully reloaded assembly
- Completed reload, in  0.538 seconds
Platform modules already initialized, skipping
========================================================================
Worker process is ready to serve import requests
Launched and connected shader compiler UnityShaderCompiler.exe after 0.03 seconds
Refreshing native plugins compatible for Editor in 0.29 ms, found 1 plugins.
Preloading 0 native plugins for Editor in 0.00 ms.
Unloading 1819 Unused Serialized files (Serialized files now loaded: 0)
System memory in use before: 85.0 MB.
System memory in use after: 85.1 MB.

Unloading 19 unused Assets to reduce memory usage. Loaded Objects now: 2269.
Total: 1.777000 ms (FindLiveObjects: 0.183300 ms CreateObjectMapping: 0.044700 ms MarkObjects: 1.501500 ms  DeleteObjects: 0.046700 ms)

========================================================================
Received Import Request.
  path: Assets/Gnome/Prototype Gnome 1.prefab
  artifactKey: Guid(011801ec602174965bac790314ded9b7) Importer(815301076,1909f56bfc062723c751e8b465ee728b)
Start importing Assets/Gnome/Prototype Gnome 1.prefab using Guid(011801ec602174965bac790314ded9b7) Importer(815301076,1909f56bfc062723c751e8b465ee728b)  -> (artifact id: '654cf6298c9aba548ee34d12d21872be') in 0.087823 seconds
  Import took 0.090945 seconds .

========================================================================
Received Import Request.
  Time since last request: 0.000146 seconds.
  path: Assets/Gnome/Prototype Gnome.prefab
  artifactKey: Guid(bb84405beddb65c46a9418cd575a6499) Importer(815301076,1909f56bfc062723c751e8b465ee728b)
Start importing Assets/Gnome/Prototype Gnome.prefab using Guid(bb84405beddb65c46a9418cd575a6499) Importer(815301076,1909f56bfc062723c751e8b465ee728b)  -> (artifact id: '2a8f551ec6f9eb1fe88858ae4467027e') in 0.012153 seconds
  Import took 0.014437 seconds .

========================================================================
Received Import Request.
  Time since last request: 0.001295 seconds.
  path: Assets/Gnome/Prototype Gnome.prefab
  artifactKey: Guid(bb84405beddb65c46a9418cd575a6499) Importer(815301076,1909f56bfc062723c751e8b465ee728b)
Start importing Assets/Gnome/Prototype Gnome.prefab using Guid(bb84405beddb65c46a9418cd575a6499) Importer(815301076,1909f56bfc062723c751e8b465ee728b)  -> (artifact id: '2a8f551ec6f9eb1fe88858ae4467027e') in 0.006837 seconds
  Import took 0.008703 seconds .

========================================================================
Received Import Request.
  Time since last request: 5.832994 seconds.
  path: Assets/Sprites/Background/BlueBack.png
  artifactKey: Guid(d9957756b9ff74b969cda9bcf10fdb9b) Importer(815301076,1909f56bfc062723c751e8b465ee728b)
Start importing Assets/Sprites/Background/BlueBack.png using Guid(d9957756b9ff74b969cda9bcf10fdb9b) Importer(815301076,1909f56bfc062723c751e8b465ee728b)  -> (artifact id: '2870b4a78146ab8348f79943c7b495e6') in 0.059154 seconds
  Import took 0.061520 seconds .

========================================================================
Received Import Request.
  Time since last request: 0.000120 seconds.
  path: Assets/Sprites/Background/Bottom.png
  artifactKey: Guid(ae236c96e3b374b86bc5f677a3fffe57) Importer(815301076,1909f56bfc062723c751e8b465ee728b)
Start importing Assets/Sprites/Background/Bottom.png using Guid(ae236c96e3b374b86bc5f677a3fffe57) Importer(815301076,1909f56bfc062723c751e8b465ee728b)  -> (artifact id: 'b135e4292c79e7e8515b5227802dcbd7') in 0.011292 seconds
  Import took 0.013507 seconds .

========================================================================
Received Import Request.
  Time since last request: 0.000114 seconds.
  path: Assets/Sprites/Background/RedBackSide.png
  artifactKey: Guid(43878573e48794da1a0d9bb9e2939c92) Importer(815301076,1909f56bfc062723c751e8b465ee728b)
Start importing Assets/Sprites/Background/RedBackSide.png using Guid(43878573e48794da1a0d9bb9e2939c92) Importer(815301076,1909f56bfc062723c751e8b465ee728b)  -> (artifact id: '1f0640c695f9044b77b200f12dd95899') in 0.012639 seconds
  Import took 0.014553 seconds .

========================================================================
Received Import Request.
  Time since last request: 0.000114 seconds.
  path: Assets/Sprites/Background/BlueBarrier.png
  artifactKey: Guid(2976e9672a0f746e19010296b0bbd197) Importer(815301076,1909f56bfc062723c751e8b465ee728b)
Start importing Assets/Sprites/Background/BlueBarrier.png using Guid(2976e9672a0f746e19010296b0bbd197) Importer(815301076,1909f56bfc062723c751e8b465ee728b)  -> (artifact id: '87af7ff74296162498cc49541eeb226d') in 0.012395 seconds
  Import took 0.014538 seconds .

========================================================================
Received Import Request.
  Time since last request: 0.000151 seconds.
  path: Assets/Sprites/Background/GreenSide.png
  artifactKey: Guid(62092af682ef840bea472589584a1fbd) Importer(815301076,1909f56bfc062723c751e8b465ee728b)
Start importing Assets/Sprites/Background/GreenSide.png using Guid(62092af682ef840bea472589584a1fbd) Importer(815301076,1909f56bfc062723c751e8b465ee728b)  -> (artifact id: 'cffc40ef982a360f32445ffa21b56e43') in 0.011109 seconds
  Import took 0.013046 seconds .

========================================================================
Received Import Request.
  Time since last request: 0.000100 seconds.
  path: Assets/Sprites/Background/BrownBack.png
  artifactKey: Guid(075cba0c0928d42dfa37d33670e964da) Importer(815301076,1909f56bfc062723c751e8b465ee728b)
Start importing Assets/Sprites/Background/BrownBack.png using Guid(075cba0c0928d42dfa37d33670e964da) Importer(815301076,1909f56bfc062723c751e8b465ee728b)  -> (artifact id: 'd619718a6e71527aba0ba63e3b0c555b') in 0.013881 seconds
  Import took 0.015838 seconds .

========================================================================
Received Import Request.
  Time since last request: 0.000105 seconds.
  path: Assets/Sprites/Background/BlueBackSide.png
  artifactKey: Guid(964d11c946d1243449054686a79b99c3) Importer(815301076,1909f56bfc062723c751e8b465ee728b)
Start importing Assets/Sprites/Background/BlueBackSide.png using Guid(964d11c946d1243449054686a79b99c3) Importer(815301076,1909f56bfc062723c751e8b465ee728b)  -> (artifact id: '8028cccde81a036b6dc224de81373ac4') in 0.011651 seconds
  Import took 0.013531 seconds .

========================================================================
Received Import Request.
  Time since last request: 0.000109 seconds.
  path: Assets/Sprites/Background/SandySide.png
  artifactKey: Guid(8fb33dd5eef5c4fbfac98f0873b39cdf) Importer(815301076,1909f56bfc062723c751e8b465ee728b)
Start importing Assets/Sprites/Background/SandySide.png using Guid(8fb33dd5eef5c4fbfac98f0873b39cdf) Importer(815301076,1909f56bfc062723c751e8b465ee728b)  -> (artifact id: 'b211cffb1063162443cae01a5574ffb3') in 0.011721 seconds
  Import took 0.013498 seconds .

========================================================================
Received Import Request.
  Time since last request: 0.000109 seconds.
  path: Assets/Sprites/Background/RedBack.png
  artifactKey: Guid(1b93458674b9348f0ae0c962fc3d4171) Importer(815301076,1909f56bfc062723c751e8b465ee728b)
Start importing Assets/Sprites/Background/RedBack.png using Guid(1b93458674b9348f0ae0c962fc3d4171) Importer(815301076,1909f56bfc062723c751e8b465ee728b)  -> (artifact id: '631cf76221cf81674bda8dd388a64477') in 0.018832 seconds
  Import took 0.020921 seconds .

========================================================================
Received Import Request.
  Time since last request: 0.000121 seconds.
  path: Assets/Sprites/Background/BrownSide.png
  artifactKey: Guid(024b0ce73b23b4c78b72458c66d879b2) Importer(815301076,1909f56bfc062723c751e8b465ee728b)
Start importing Assets/Sprites/Background/BrownSide.png using Guid(024b0ce73b23b4c78b72458c66d879b2) Importer(815301076,1909f56bfc062723c751e8b465ee728b)  -> (artifact id: '47d460f8023a30e76686fb8e417b8c52') in 0.014759 seconds
  Import took 0.016784 seconds .

========================================================================
Received Import Request.
  Time since last request: 0.000107 seconds.
  path: Assets/Sprites/Background/RedBarrier.png
  artifactKey: Guid(4a6b923e89a624ef5b1ef756a8c0ef00) Importer(815301076,1909f56bfc062723c751e8b465ee728b)
Start importing Assets/Sprites/Background/RedBarrier.png using Guid(4a6b923e89a624ef5b1ef756a8c0ef00) Importer(815301076,1909f56bfc062723c751e8b465ee728b)  -> (artifact id: '79192bbbe90e7dfd076cf8fadca06459') in 0.012507 seconds
  Import took 0.014707 seconds .

========================================================================
Received Import Request.
  Time since last request: 0.000105 seconds.
  path: Assets/Sprites/Background/RedSide.png
  artifactKey: Guid(d2f044e357e9b4167854d07210456f93) Importer(815301076,1909f56bfc062723c751e8b465ee728b)
Start importing Assets/Sprites/Background/RedSide.png using Guid(d2f044e357e9b4167854d07210456f93) Importer(815301076,1909f56bfc062723c751e8b465ee728b)  -> (artifact id: '5dd3c431bd34f052dce5d6f222d8c563') in 0.010873 seconds
  Import took 0.013014 seconds .

========================================================================
Received Import Request.
  Time since last request: 0.000104 seconds.
  path: Assets/Sprites/Background/Top.png
  artifactKey: Guid(6181678f7ea9d48699887fbb9bc9dadc) Importer(815301076,1909f56bfc062723c751e8b465ee728b)
Start importing Assets/Sprites/Background/Top.png using Guid(6181678f7ea9d48699887fbb9bc9dadc) Importer(815301076,1909f56bfc062723c751e8b465ee728b)  -> (artifact id: '50b8dbaa16f19c7f28971a342f7f3080') in 0.008001 seconds
  Import took 0.010186 seconds .

========================================================================
Received Import Request.
  Time since last request: 0.000097 seconds.
  path: Assets/Sprites/Background/BlueSide.png
  artifactKey: Guid(99c55b3f7704149199c5b1b3f9dd6594) Importer(815301076,1909f56bfc062723c751e8b465ee728b)
Start importing Assets/Sprites/Background/BlueSide.png using Guid(99c55b3f7704149199c5b1b3f9dd6594) Importer(815301076,1909f56bfc062723c751e8b465ee728b)  -> (artifact id: '4620c30c4980114e46d4cc1b78fe0853') in 0.012603 seconds
  Import took 0.014485 seconds .

========================================================================
Received Import Request.
  Time since last request: 0.000100 seconds.
  path: Assets/Sprites/Background/BrownBackSide.png
  artifactKey: Guid(66efff2898c2c4fe0807ebff9da9189a) Importer(815301076,1909f56bfc062723c751e8b465ee728b)
Start importing Assets/Sprites/Background/BrownBackSide.png using Guid(66efff2898c2c4fe0807ebff9da9189a) Importer(815301076,1909f56bfc062723c751e8b465ee728b)  -> (artifact id: '567abab513ecd84f83e17ebeeb323360') in 0.012285 seconds
  Import took 0.014233 seconds .

========================================================================
Received Prepare
Registering precompiled user dll's ...
Registered in 0.000514 seconds.
Begin MonoManager ReloadAssembly
Native extension for WindowsStandalone target not found
Refreshing native plugins compatible for Editor in 0.30 ms, found 1 plugins.
Preloading 0 native plugins for Editor in 0.00 ms.
Mono: successfully reloaded assembly
- Completed reload, in  0.495 seconds
Platform modules already initialized, skipping
Refreshing native plugins compatible for Editor in 0.15 ms, found 1 plugins.
Preloading 0 native plugins for Editor in 0.00 ms.
Unloading 1810 Unused Serialized files (Serialized files now loaded: 0)
System memory in use before: 87.9 MB.
System memory in use after: 88.0 MB.

Unloading 8 unused Assets to reduce memory usage. Loaded Objects now: 2300.
Total: 1.435700 ms (FindLiveObjects: 0.149700 ms CreateObjectMapping: 0.054500 ms MarkObjects: 1.221600 ms  DeleteObjects: 0.009200 ms)

========================================================================
Received Import Request.
  Time since last request: 314.411474 seconds.
  path: Assets/Sprites/GnomeParts/Alive/ArmHoldEmpty.png
  artifactKey: Guid(a1ee775673d6b446a9c7df3516921a19) Importer(815301076,1909f56bfc062723c751e8b465ee728b)
Start importing Assets/Sprites/GnomeParts/Alive/ArmHoldEmpty.png using Guid(a1ee775673d6b446a9c7df3516921a19) Importer(815301076,1909f56bfc062723c751e8b465ee728b)  -> (artifact id: '4710e0d632bdc88b6623a94eae8b2abd') in 0.034812 seconds
  Import took 0.037295 seconds .

========================================================================
Received Import Request.
  Time since last request: 0.000111 seconds.
  path: Assets/Sprites/GnomeParts/Alive/Body.png
  artifactKey: Guid(28e3a922354984507ad65733f8e91edf) Importer(815301076,1909f56bfc062723c751e8b465ee728b)
Start importing Assets/Sprites/GnomeParts/Alive/Body.png using Guid(28e3a922354984507ad65733f8e91edf) Importer(815301076,1909f56bfc062723c751e8b465ee728b)  -> (artifact id: '9c340fbc9111202d7015ec6623bbae03') in 0.008792 seconds
  Import took 0.010536 seconds .

========================================================================
Received Import Request.
  Time since last request: 0.000110 seconds.
  path: Assets/Sprites/GnomeParts/Alive/HeadEyeless.png
  artifactKey: Guid(9ab41e17d632840159f0a0a83bac692f) Importer(815301076,1909f56bfc062723c751e8b465ee728b)
Start importing Assets/Sprites/GnomeParts/Alive/HeadEyeless.png using Guid(9ab41e17d632840159f0a0a83bac692f) Importer(815301076,1909f56bfc062723c751e8b465ee728b)  -> (artifact id: 'd22c3297b2b8c474056d511fd1fc08a0') in 0.012580 seconds
  Import took 0.014681 seconds .

========================================================================
Received Import Request.
  Time since last request: 0.000116 seconds.
  path: Assets/Sprites/GnomeParts/Alive/Eye2.png
  artifactKey: Guid(f033b075bdc6d4f2fa31a1bd6969664b) Importer(815301076,1909f56bfc062723c751e8b465ee728b)
Start importing Assets/Sprites/GnomeParts/Alive/Eye2.png using Guid(f033b075bdc6d4f2fa31a1bd6969664b) Importer(815301076,1909f56bfc062723c751e8b465ee728b)  -> (artifact id: '21e578a0e7371d9270296c1d99aff5f9') in 0.010196 seconds
  Import took 0.012220 seconds .

========================================================================
Received Import Request.
  Time since last request: 0.000097 seconds.
  path: Assets/Sprites/GnomeParts/Alive/Eye1.png
  artifactKey: Guid(934de2e75aae94be6a1b4254cdfc98c5) Importer(815301076,1909f56bfc062723c751e8b465ee728b)
Start importing Assets/Sprites/GnomeParts/Alive/Eye1.png using Guid(934de2e75aae94be6a1b4254cdfc98c5) Importer(815301076,1909f56bfc062723c751e8b465ee728b)  -> (artifact id: 'af112b93d9bbbe6468c12b64a9fb4ab0') in 0.010657 seconds
  Import took 0.012599 seconds .

========================================================================
Received Import Request.
  Time since last request: 0.000094 seconds.
  path: Assets/Sprites/GnomeParts/Alive/Nose.png
  artifactKey: Guid(7fbf4c1222b944d94a5921bef852f19f) Importer(815301076,1909f56bfc062723c751e8b465ee728b)
Start importing Assets/Sprites/GnomeParts/Alive/Nose.png using Guid(7fbf4c1222b944d94a5921bef852f19f) Importer(815301076,1909f56bfc062723c751e8b465ee728b)  -> (artifact id: '45f4986f88303bdf32a8b664bb696f13') in 0.014693 seconds
  Import took 0.016341 seconds .

========================================================================
Received Import Request.
  Time since last request: 0.000106 seconds.
  path: Assets/Sprites/GnomeParts/Alive/ArmHoldFULL.png
  artifactKey: Guid(de67cc81a8fed4de2a276e5c9815ed83) Importer(815301076,1909f56bfc062723c751e8b465ee728b)
Start importing Assets/Sprites/GnomeParts/Alive/ArmHoldFULL.png using Guid(de67cc81a8fed4de2a276e5c9815ed83) Importer(815301076,1909f56bfc062723c751e8b465ee728b)  -> (artifact id: 'b99ba639cba2cc39f2c90594de5e8b22') in 0.021234 seconds
  Import took 0.023209 seconds .

========================================================================
Received Import Request.
  Time since last request: 0.000107 seconds.
  path: Assets/Sprites/GnomeParts/Alive/LegDangle.png
  artifactKey: Guid(f53d87a4a530345519aadbe2946164e5) Importer(815301076,1909f56bfc062723c751e8b465ee728b)
Start importing Assets/Sprites/GnomeParts/Alive/LegDangle.png using Guid(f53d87a4a530345519aadbe2946164e5) Importer(815301076,1909f56bfc062723c751e8b465ee728b)  -> (artifact id: 'c6837cbb3b1fc44b27db4423e3c11a08') in 0.008775 seconds
  Import took 0.010844 seconds .

========================================================================
Received Import Request.
  Time since last request: 0.000097 seconds.
  path: Assets/Sprites/GnomeParts/Alive/RopeSegment.psd
  artifactKey: Guid(28dccff497bf54ef3bd00c20dd8bac57) Importer(815301076,1909f56bfc062723c751e8b465ee728b)
Start importing Assets/Sprites/GnomeParts/Alive/RopeSegment.psd using Guid(28dccff497bf54ef3bd00c20dd8bac57) Importer(815301076,1909f56bfc062723c751e8b465ee728b)  -> (artifact id: 'e1a56e4e19ade6449b159c8d81741e5a') in 0.010029 seconds
  Import took 0.012157 seconds .

========================================================================
Received Import Request.
  Time since last request: 0.000116 seconds.
  path: Assets/Sprites/GnomeParts/Alive/LegRope.png
  artifactKey: Guid(72157807ad58b4411b622183d725d461) Importer(815301076,1909f56bfc062723c751e8b465ee728b)
Start importing Assets/Sprites/GnomeParts/Alive/LegRope.png using Guid(72157807ad58b4411b622183d725d461) Importer(815301076,1909f56bfc062723c751e8b465ee728b)  -> (artifact id: '3154b1053debea0f4575cc45d335a8f6') in 0.009920 seconds
  Import took 0.011865 seconds .

========================================================================
Received Import Request.
  Time since last request: 0.000107 seconds.
  path: Assets/Sprites/GnomeParts/Alive/ArmLoose.png
  artifactKey: Guid(dd5a8953b0ff647ab80e5706c6135e2d) Importer(815301076,1909f56bfc062723c751e8b465ee728b)
Start importing Assets/Sprites/GnomeParts/Alive/ArmLoose.png using Guid(dd5a8953b0ff647ab80e5706c6135e2d) Importer(815301076,1909f56bfc062723c751e8b465ee728b)  -> (artifact id: '6ff3cce91d318a477aa18f24880fba83') in 0.008532 seconds
  Import took 0.010432 seconds .

========================================================================
Received Import Request.
  Time since last request: 0.000099 seconds.
  path: Assets/Sprites/GnomeParts/Alive/Head.png
  artifactKey: Guid(89c40d9d4a7524aec8463b992b32e267) Importer(815301076,1909f56bfc062723c751e8b465ee728b)
Start importing Assets/Sprites/GnomeParts/Alive/Head.png using Guid(89c40d9d4a7524aec8463b992b32e267) Importer(815301076,1909f56bfc062723c751e8b465ee728b)  -> (artifact id: 'b2078b14ed084a5d3ad98ebb1ea8c99f') in 0.007905 seconds
  Import took 0.009784 seconds .

========================================================================
Received Import Request.
  Time since last request: 290.239697 seconds.
  path: Packages/com.unity.2d.spriteshape/Editor/ObjectMenuCreation/DefaultAssets/Sprite Shapes/Closed Sprite Shape.prefab
  artifactKey: Guid(c0583b4e855c74b8c82e7b9b5efb5ce9) Importer(815301076,1909f56bfc062723c751e8b465ee728b)
Start importing Packages/com.unity.2d.spriteshape/Editor/ObjectMenuCreation/DefaultAssets/Sprite Shapes/Closed Sprite Shape.prefab using Guid(c0583b4e855c74b8c82e7b9b5efb5ce9) Importer(815301076,1909f56bfc062723c751e8b465ee728b)  -> (artifact id: '8d6b13cb20959ba6c8ea569d97cd0e36') in 0.025386 seconds
  Import took 0.028171 seconds .

========================================================================
Received Import Request.
  Time since last request: 0.000125 seconds.
  path: Packages/com.unity.2d.spriteshape/Editor/ObjectMenuCreation/DefaultAssets/Sprite Shapes/Open Sprite Shape.prefab
  artifactKey: Guid(86ae7de409eb54f619fb1328e4d42480) Importer(815301076,1909f56bfc062723c751e8b465ee728b)
Start importing Packages/com.unity.2d.spriteshape/Editor/ObjectMenuCreation/DefaultAssets/Sprite Shapes/Open Sprite Shape.prefab using Guid(86ae7de409eb54f619fb1328e4d42480) Importer(815301076,1909f56bfc062723c751e8b465ee728b)  -> (artifact id: '0c4d74eab81e40f534f6bb911df73017') in 0.005792 seconds
  Import took 0.008091 seconds .

========================================================================
Received Prepare
Registering precompiled user dll's ...
Registered in 0.000607 seconds.
Begin MonoManager ReloadAssembly
Native extension for WindowsStandalone target not found
Refreshing native plugins compatible for Editor in 0.29 ms, found 1 plugins.
Preloading 0 native plugins for Editor in 0.00 ms.
Mono: successfully reloaded assembly
- Completed reload, in  0.489 seconds
Platform modules already initialized, skipping
Refreshing native plugins compatible for Editor in 0.15 ms, found 1 plugins.
Preloading 0 native plugins for Editor in 0.00 ms.
Unloading 1810 Unused Serialized files (Serialized files now loaded: 0)
System memory in use before: 88.0 MB.
System memory in use after: 88.1 MB.

Unloading 8 unused Assets to reduce memory usage. Loaded Objects now: 2325.
Total: 1.437100 ms (FindLiveObjects: 0.229400 ms CreateObjectMapping: 0.062400 ms MarkObjects: 1.135300 ms  DeleteObjects: 0.009400 ms)

========================================================================
Received Import Request.
  Time since last request: 87.298935 seconds.
  path: Assets/Gnome/Gnome.prefab
  artifactKey: Guid(e427f067117aa72468336e710c1df5a4) Importer(815301076,1909f56bfc062723c751e8b465ee728b)
Start importing Assets/Gnome/Gnome.prefab using Guid(e427f067117aa72468336e710c1df5a4) Importer(815301076,1909f56bfc062723c751e8b465ee728b)  -> (artifact id: 'e206a47f9e2a77322a13dabc74fb6c0b') in 0.040617 seconds
  Import took 0.044209 seconds .

========================================================================
Received Prepare
Registering precompiled user dll's ...
Registered in 0.000607 seconds.
Begin MonoManager ReloadAssembly
Native extension for WindowsStandalone target not found
Refreshing native plugins compatible for Editor in 0.29 ms, found 1 plugins.
Preloading 0 native plugins for Editor in 0.00 ms.
Mono: successfully reloaded assembly
- Completed reload, in  0.490 seconds
Platform modules already initialized, skipping
Refreshing native plugins compatible for Editor in 0.15 ms, found 1 plugins.
Preloading 0 native plugins for Editor in 0.00 ms.
Unloading 1810 Unused Serialized files (Serialized files now loaded: 0)
System memory in use before: 88.0 MB.
System memory in use after: 88.1 MB.

Unloading 8 unused Assets to reduce memory usage. Loaded Objects now: 2329.
Total: 1.452100 ms (FindLiveObjects: 0.181500 ms CreateObjectMapping: 0.057600 ms MarkObjects: 1.203400 ms  DeleteObjects: 0.008900 ms)

========================================================================
Received Prepare
Registering precompiled user dll's ...
Registered in 0.000553 seconds.
Begin MonoManager ReloadAssembly
Native extension for WindowsStandalone target not found
Refreshing native plugins compatible for Editor in 0.29 ms, found 1 plugins.
Preloading 0 native plugins for Editor in 0.00 ms.
Mono: successfully reloaded assembly
- Completed reload, in  0.490 seconds
Platform modules already initialized, skipping
Refreshing native plugins compatible for Editor in 0.16 ms, found 1 plugins.
Preloading 0 native plugins for Editor in 0.00 ms.
Unloading 1810 Unused Serialized files (Serialized files now loaded: 0)
System memory in use before: 88.0 MB.
System memory in use after: 88.1 MB.

Unloading 8 unused Assets to reduce memory usage. Loaded Objects now: 2332.
Total: 1.455000 ms (FindLiveObjects: 0.155500 ms CreateObjectMapping: 0.052400 ms MarkObjects: 1.236700 ms  DeleteObjects: 0.009800 ms)

========================================================================
Received Prepare
Registering precompiled user dll's ...
Registered in 0.000553 seconds.
Begin MonoManager ReloadAssembly
Native extension for WindowsStandalone target not found
Refreshing native plugins compatible for Editor in 0.30 ms, found 1 plugins.
Preloading 0 native plugins for Editor in 0.00 ms.
Mono: successfully reloaded assembly
- Completed reload, in  0.511 seconds
Platform modules already initialized, skipping
Refreshing native plugins compatible for Editor in 0.18 ms, found 1 plugins.
Preloading 0 native plugins for Editor in 0.00 ms.
Unloading 1810 Unused Serialized files (Serialized files now loaded: 0)
System memory in use before: 88.0 MB.
System memory in use after: 88.1 MB.

Unloading 8 unused Assets to reduce memory usage. Loaded Objects now: 2335.
Total: 1.488300 ms (FindLiveObjects: 0.147600 ms CreateObjectMapping: 0.051500 ms MarkObjects: 1.279400 ms  DeleteObjects: 0.009200 ms)

========================================================================
Received Prepare
Registering precompiled user dll's ...
Registered in 0.000552 seconds.
Begin MonoManager ReloadAssembly
Native extension for WindowsStandalone target not found
Refreshing native plugins compatible for Editor in 0.29 ms, found 1 plugins.
Preloading 0 native plugins for Editor in 0.00 ms.
Mono: successfully reloaded assembly
- Completed reload, in  0.489 seconds
Platform modules already initialized, skipping
Refreshing native plugins compatible for Editor in 0.15 ms, found 1 plugins.
Preloading 0 native plugins for Editor in 0.00 ms.
Unloading 1810 Unused Serialized files (Serialized files now loaded: 0)
System memory in use before: 88.0 MB.
System memory in use after: 88.1 MB.

Unloading 8 unused Assets to reduce memory usage. Loaded Objects now: 2338.
Total: 1.473200 ms (FindLiveObjects: 0.263700 ms CreateObjectMapping: 0.054900 ms MarkObjects: 1.143900 ms  DeleteObjects: 0.010000 ms)

========================================================================
Received Prepare
Registering precompiled user dll's ...
Registered in 0.000508 seconds.
Begin MonoManager ReloadAssembly
Native extension for WindowsStandalone target not found
Refreshing native plugins compatible for Editor in 0.29 ms, found 1 plugins.
Preloading 0 native plugins for Editor in 0.00 ms.
Mono: successfully reloaded assembly
- Completed reload, in  0.487 seconds
Platform modules already initialized, skipping
Refreshing native plugins compatible for Editor in 0.16 ms, found 1 plugins.
Preloading 0 native plugins for Editor in 0.00 ms.
Unloading 1810 Unused Serialized files (Serialized files now loaded: 0)
System memory in use before: 88.0 MB.
System memory in use after: 88.1 MB.

Unloading 8 unused Assets to reduce memory usage. Loaded Objects now: 2341.
Total: 1.541100 ms (FindLiveObjects: 0.143400 ms CreateObjectMapping: 0.051000 ms MarkObjects: 1.336900 ms  DeleteObjects: 0.009400 ms)

========================================================================
Received Prepare
Registering precompiled user dll's ...
Registered in 0.000521 seconds.
Begin MonoManager ReloadAssembly
Native extension for WindowsStandalone target not found
Refreshing native plugins compatible for Editor in 0.29 ms, found 1 plugins.
Preloading 0 native plugins for Editor in 0.00 ms.
Mono: successfully reloaded assembly
- Completed reload, in  0.481 seconds
Platform modules already initialized, skipping
Refreshing native plugins compatible for Editor in 0.15 ms, found 1 plugins.
Preloading 0 native plugins for Editor in 0.00 ms.
Unloading 1810 Unused Serialized files (Serialized files now loaded: 0)
System memory in use before: 88.0 MB.
System memory in use after: 88.2 MB.

Unloading 8 unused Assets to reduce memory usage. Loaded Objects now: 2344.
Total: 1.575400 ms (FindLiveObjects: 0.149700 ms CreateObjectMapping: 0.055600 ms MarkObjects: 1.359800 ms  DeleteObjects: 0.009600 ms)

========================================================================
Received Prepare
Registering precompiled user dll's ...
Registered in 0.000521 seconds.
Begin MonoManager ReloadAssembly
Native extension for WindowsStandalone target not found
Refreshing native plugins compatible for Editor in 0.29 ms, found 1 plugins.
Preloading 0 native plugins for Editor in 0.00 ms.
Mono: successfully reloaded assembly
- Completed reload, in  0.482 seconds
Platform modules already initialized, skipping
Refreshing native plugins compatible for Editor in 0.15 ms, found 1 plugins.
Preloading 0 native plugins for Editor in 0.00 ms.
Unloading 1810 Unused Serialized files (Serialized files now loaded: 0)
System memory in use before: 88.1 MB.
System memory in use after: 88.2 MB.

Unloading 8 unused Assets to reduce memory usage. Loaded Objects now: 2347.
Total: 1.456600 ms (FindLiveObjects: 0.160700 ms CreateObjectMapping: 0.038700 ms MarkObjects: 1.246400 ms  DeleteObjects: 0.010100 ms)

========================================================================
Received Prepare
Registering precompiled user dll's ...
Registered in 0.000558 seconds.
Begin MonoManager ReloadAssembly
Native extension for WindowsStandalone target not found
Refreshing native plugins compatible for Editor in 0.32 ms, found 1 plugins.
Preloading 0 native plugins for Editor in 0.00 ms.
Mono: successfully reloaded assembly
- Completed reload, in  0.483 seconds
Platform modules already initialized, skipping
Refreshing native plugins compatible for Editor in 0.15 ms, found 1 plugins.
Preloading 0 native plugins for Editor in 0.00 ms.
Unloading 1810 Unused Serialized files (Serialized files now loaded: 0)
System memory in use before: 88.1 MB.
System memory in use after: 88.2 MB.

Unloading 8 unused Assets to reduce memory usage. Loaded Objects now: 2350.
Total: 1.450900 ms (FindLiveObjects: 0.160300 ms CreateObjectMapping: 0.057000 ms MarkObjects: 1.223700 ms  DeleteObjects: 0.009200 ms)

========================================================================
Received Prepare
Registering precompiled user dll's ...
Registered in 0.000512 seconds.
Begin MonoManager ReloadAssembly
Native extension for WindowsStandalone target not found
Refreshing native plugins compatible for Editor in 0.28 ms, found 1 plugins.
Preloading 0 native plugins for Editor in 0.00 ms.
Mono: successfully reloaded assembly
- Completed reload, in  0.495 seconds
Platform modules already initialized, skipping
Refreshing native plugins compatible for Editor in 0.16 ms, found 1 plugins.
Preloading 0 native plugins for Editor in 0.00 ms.
Unloading 1810 Unused Serialized files (Serialized files now loaded: 0)
System memory in use before: 88.1 MB.
System memory in use after: 88.2 MB.

Unloading 8 unused Assets to reduce memory usage. Loaded Objects now: 2353.
Total: 1.471600 ms (FindLiveObjects: 0.154900 ms CreateObjectMapping: 0.046300 ms MarkObjects: 1.259400 ms  DeleteObjects: 0.010200 ms)

========================================================================
Received Prepare
Registering precompiled user dll's ...
Registered in 0.000575 seconds.
Begin MonoManager ReloadAssembly
Native extension for WindowsStandalone target not found
Refreshing native plugins compatible for Editor in 0.29 ms, found 1 plugins.
Preloading 0 native plugins for Editor in 0.00 ms.
Mono: successfully reloaded assembly
- Completed reload, in  0.497 seconds
Platform modules already initialized, skipping
Refreshing native plugins compatible for Editor in 0.16 ms, found 1 plugins.
Preloading 0 native plugins for Editor in 0.00 ms.
Unloading 1810 Unused Serialized files (Serialized files now loaded: 0)
System memory in use before: 88.1 MB.
System memory in use after: 88.2 MB.

Unloading 8 unused Assets to reduce memory usage. Loaded Objects now: 2356.
Total: 1.543600 ms (FindLiveObjects: 0.147700 ms CreateObjectMapping: 0.049200 ms MarkObjects: 1.336600 ms  DeleteObjects: 0.009200 ms)

========================================================================
Received Prepare
Registering precompiled user dll's ...
Registered in 0.000513 seconds.
Begin MonoManager ReloadAssembly
Native extension for WindowsStandalone target not found
Refreshing native plugins compatible for Editor in 0.30 ms, found 1 plugins.
Preloading 0 native plugins for Editor in 0.00 ms.
Mono: successfully reloaded assembly
- Completed reload, in  0.493 seconds
Platform modules already initialized, skipping
Refreshing native plugins compatible for Editor in 0.14 ms, found 1 plugins.
Preloading 0 native plugins for Editor in 0.00 ms.
Unloading 1810 Unused Serialized files (Serialized files now loaded: 0)
System memory in use before: 88.1 MB.
System memory in use after: 88.2 MB.

Unloading 8 unused Assets to reduce memory usage. Loaded Objects now: 2359.
Total: 1.364200 ms (FindLiveObjects: 0.133800 ms CreateObjectMapping: 0.046400 ms MarkObjects: 1.174100 ms  DeleteObjects: 0.009000 ms)

========================================================================
Received Prepare
Registering precompiled user dll's ...
Registered in 0.000597 seconds.
Begin MonoManager ReloadAssembly
Native extension for WindowsStandalone target not found
Refreshing native plugins compatible for Editor in 0.29 ms, found 1 plugins.
Preloading 0 native plugins for Editor in 0.00 ms.
Mono: successfully reloaded assembly
- Completed reload, in  0.475 seconds
Platform modules already initialized, skipping
Refreshing native plugins compatible for Editor in 0.14 ms, found 1 plugins.
Preloading 0 native plugins for Editor in 0.00 ms.
Unloading 1810 Unused Serialized files (Serialized files now loaded: 0)
System memory in use before: 88.1 MB.
System memory in use after: 88.2 MB.

Unloading 8 unused Assets to reduce memory usage. Loaded Objects now: 2362.
Total: 1.470000 ms (FindLiveObjects: 0.141200 ms CreateObjectMapping: 0.048200 ms MarkObjects: 1.271300 ms  DeleteObjects: 0.008600 ms)

========================================================================
Received Import Request.
  Time since last request: 435.137617 seconds.
  path: Assets/Gnome/Gnome.prefab
  artifactKey: Guid(e427f067117aa72468336e710c1df5a4) Importer(815301076,1909f56bfc062723c751e8b465ee728b)
Start importing Assets/Gnome/Gnome.prefab using Guid(e427f067117aa72468336e710c1df5a4) Importer(815301076,1909f56bfc062723c751e8b465ee728b)  -> (artifact id: 'ff01ab8a4109aa9a73ac1b930948b895') in 0.035916 seconds
  Import took 0.042336 seconds .

========================================================================
Received Prepare
Registering precompiled user dll's ...
Registered in 0.000557 seconds.
Begin MonoManager ReloadAssembly
Native extension for WindowsStandalone target not found
Refreshing native plugins compatible for Editor in 0.28 ms, found 1 plugins.
Preloading 0 native plugins for Editor in 0.00 ms.
Mono: successfully reloaded assembly
- Completed reload, in  0.492 seconds
Platform modules already initialized, skipping
Refreshing native plugins compatible for Editor in 0.16 ms, found 1 plugins.
Preloading 0 native plugins for Editor in 0.00 ms.
Unloading 1810 Unused Serialized files (Serialized files now loaded: 0)
System memory in use before: 88.1 MB.
System memory in use after: 88.2 MB.

Unloading 8 unused Assets to reduce memory usage. Loaded Objects now: 2366.
Total: 1.455800 ms (FindLiveObjects: 0.147800 ms CreateObjectMapping: 0.050600 ms MarkObjects: 1.247200 ms  DeleteObjects: 0.009500 ms)

========================================================================
Received Prepare
Registering precompiled user dll's ...
Registered in 0.000565 seconds.
Begin MonoManager ReloadAssembly
Native extension for WindowsStandalone target not found
Refreshing native plugins compatible for Editor in 0.30 ms, found 1 plugins.
Preloading 0 native plugins for Editor in 0.00 ms.
Mono: successfully reloaded assembly
- Completed reload, in  0.491 seconds
Platform modules already initialized, skipping
Refreshing native plugins compatible for Editor in 0.17 ms, found 1 plugins.
Preloading 0 native plugins for Editor in 0.00 ms.
Unloading 1810 Unused Serialized files (Serialized files now loaded: 0)
System memory in use before: 88.1 MB.
System memory in use after: 88.2 MB.

Unloading 8 unused Assets to reduce memory usage. Loaded Objects now: 2369.
Total: 1.494300 ms (FindLiveObjects: 0.143800 ms CreateObjectMapping: 0.048500 ms MarkObjects: 1.291300 ms  DeleteObjects: 0.010000 ms)

========================================================================
Received Prepare
Registering precompiled user dll's ...
Registered in 0.000524 seconds.
Begin MonoManager ReloadAssembly
Native extension for WindowsStandalone target not found
Refreshing native plugins compatible for Editor in 0.33 ms, found 1 plugins.
Preloading 0 native plugins for Editor in 0.00 ms.
Mono: successfully reloaded assembly
- Completed reload, in  0.487 seconds
Platform modules already initialized, skipping
Refreshing native plugins compatible for Editor in 0.14 ms, found 1 plugins.
Preloading 0 native plugins for Editor in 0.00 ms.
Unloading 1810 Unused Serialized files (Serialized files now loaded: 0)
System memory in use before: 88.1 MB.
System memory in use after: 88.2 MB.

Unloading 8 unused Assets to reduce memory usage. Loaded Objects now: 2372.
Total: 1.420600 ms (FindLiveObjects: 0.112800 ms CreateObjectMapping: 0.044200 ms MarkObjects: 1.254200 ms  DeleteObjects: 0.008900 ms)

AssetImportWorkerClient::OnTransportError - code=2 error=End of file
